# JRE version: Java(TM) SE Runtime Environment (8.0_251-b08) (build 1.8.0_251-b08)
# Java VM: Java HotSpot(TM) 64-Bit Server VM (25.251-b08 mixed mode bsd-amd64 compressed oops)
Heap:
 PSYoungGen      total 109568K, used 37283K [0x0000000795580000, 0x000000079e580000, 0x00000007c0000000)
  eden space 95232K, 39% used [0x0000000795580000,0x00000007979e8ff8,0x000000079b280000)
  from space 14336K, 0% used [0x000000079c000000,0x000000079c000000,0x000000079ce00000)
  to   space 13824K, 0% used [0x000000079b280000,0x000000079b280000,0x000000079c000000)
 ParOldGen       total 75264K, used 11890K [0x0000000740000000, 0x0000000744980000, 0x0000000795580000)
  object space 75264K, 15% used [0x0000000740000000,0x0000000740b9ca30,0x0000000744980000)
 Metaspace       used 36762K, capacity 37224K, committed 37376K, reserved 1081344K
  class space    used 4459K, capacity 4594K, committed 4608K, reserved 1048576K
GC Heap History (10 events):
Event: 4.727 GC heap before
{Heap before GC invocations=4 (full 1):
 PSYoungGen      total 38400K, used 4492K [0x0000000795580000, 0x000000079a080000, 0x00000007c0000000)
  eden space 33280K, 0% used [0x0000000795580000,0x0000000795580000,0x0000000797600000)
  from space 5120K, 87% used [0x0000000797600000,0x0000000797a63268,0x0000000797b00000)
  to   space 5120K, 0% used [0x0000000799b80000,0x0000000799b80000,0x000000079a080000)
 ParOldGen       total 87552K, used 690K [0x0000000740000000, 0x0000000745580000, 0x0000000795580000)
  object space 87552K, 0% used [0x0000000740000000,0x00000007400aca10,0x0000000745580000)
 Metaspace       used 20918K, capacity 21106K, committed 21296K, reserved 1069056K
  class space    used 2584K, capacity 2681K, committed 2688K, reserved 1048576K
Event: 4.770 GC heap after
Heap after GC invocations=4 (full 1):
 PSYoungGen      total 38400K, used 0K [0x0000000795580000, 0x000000079a080000, 0x00000007c0000000)
  eden space 33280K, 0% used [0x0000000795580000,0x0000000795580000,0x0000000797600000)
  from space 5120K, 0% used [0x0000000797600000,0x0000000797600000,0x0000000797b00000)
  to   space 5120K, 0% used [0x0000000799b80000,0x0000000799b80000,0x000000079a080000)
 ParOldGen       total 47616K, used 4406K [0x0000000740000000, 0x0000000742e80000, 0x0000000795580000)
  object space 47616K, 9% used [0x0000000740000000,0x000000074044db58,0x0000000742e80000)
 Metaspace       used 20918K, capacity 21106K, committed 21296K, reserved 1069056K
  class space    used 2584K, capacity 2681K, committed 2688K, reserved 1048576K
}
Event: 5.706 GC heap before
{Heap before GC invocations=5 (full 1):
 PSYoungGen      total 38400K, used 33280K [0x0000000795580000, 0x000000079a080000, 0x00000007c0000000)
  eden space 33280K, 100% used [0x0000000795580000,0x0000000797600000,0x0000000797600000)
  from space 5120K, 0% used [0x0000000797600000,0x0000000797600000,0x0000000797b00000)
  to   space 5120K, 0% used [0x0000000799b80000,0x0000000799b80000,0x000000079a080000)
 ParOldGen       total 47616K, used 4406K [0x0000000740000000, 0x0000000742e80000, 0x0000000795580000)
  object space 47616K, 9% used [0x0000000740000000,0x000000074044db58,0x0000000742e80000)
 Metaspace       used 25194K, capacity 25458K, committed 25856K, reserved 1071104K
  class space    used 3175K, capacity 3257K, committed 3328K, reserved 1048576K
Event: 5.715 GC heap after
Heap after GC invocations=5 (full 1):
 PSYoungGen      total 61952K, used 5120K [0x0000000795580000, 0x000000079a080000, 0x00000007c0000000)
  eden space 56832K, 0% used [0x0000000795580000,0x0000000795580000,0x0000000798d00000)
  from space 5120K, 100% used [0x0000000799b80000,0x000000079a080000,0x000000079a080000)
  to   space 5120K, 0% used [0x0000000799680000,0x0000000799680000,0x0000000799b80000)
 ParOldGen       total 47616K, used 7121K [0x0000000740000000, 0x0000000742e80000, 0x0000000795580000)
  object space 47616K, 14% used [0x0000000740000000,0x00000007406f4718,0x0000000742e80000)
 Metaspace       used 25194K, capacity 25458K, committed 25856K, reserved 1071104K
  class space    used 3175K, capacity 3257K, committed 3328K, reserved 1048576K
}
Event: 8.637 GC heap before
{Heap before GC invocations=6 (full 1):
 PSYoungGen      total 61952K, used 61952K [0x0000000795580000, 0x000000079a080000, 0x00000007c0000000)
  eden space 56832K, 100% used [0x0000000795580000,0x0000000798d00000,0x0000000798d00000)
  from space 5120K, 100% used [0x0000000799b80000,0x000000079a080000,0x000000079a080000)
  to   space 5120K, 0% used [0x0000000799680000,0x0000000799680000,0x0000000799b80000)
 ParOldGen       total 47616K, used 7121K [0x0000000740000000, 0x0000000742e80000, 0x0000000795580000)
  object space 47616K, 14% used [0x0000000740000000,0x00000007406f4718,0x0000000742e80000)
 Metaspace       used 34226K, capacity 34630K, committed 34944K, reserved 1079296K
  class space    used 4208K, capacity 4357K, committed 4480K, reserved 1048576K
Event: 8.660 GC heap after
Heap after GC invocations=6 (full 1):
 PSYoungGen      total 71680K, used 5120K [0x0000000795580000, 0x000000079ce00000, 0x00000007c0000000)
  eden space 66560K, 0% used [0x0000000795580000,0x0000000795580000,0x0000000799680000)
  from space 5120K, 100% used [0x0000000799680000,0x0000000799b80000,0x0000000799b80000)
  to   space 14336K, 0% used [0x000000079c000000,0x000000079c000000,0x000000079ce00000)
 ParOldGen       total 47616K, used 17108K [0x0000000740000000, 0x0000000742e80000, 0x0000000795580000)
  object space 47616K, 35% used [0x0000000740000000,0x00000007410b5208,0x0000000742e80000)
 Metaspace       used 34226K, capacity 34630K, committed 34944K, reserved 1079296K
  class space    used 4208K, capacity 4357K, committed 4480K, reserved 1048576K
}
Event: 8.798 GC heap before
{Heap before GC invocations=7 (full 1):
 PSYoungGen      total 71680K, used 9836K [0x0000000795580000, 0x000000079ce00000, 0x00000007c0000000)
  eden space 66560K, 7% used [0x0000000795580000,0x0000000795a1b150,0x0000000799680000)
  from space 5120K, 100% used [0x0000000799680000,0x0000000799b80000,0x0000000799b80000)
  to   space 14336K, 0% used [0x000000079c000000,0x000000079c000000,0x000000079ce00000)
 ParOldGen       total 47616K, used 17108K [0x0000000740000000, 0x0000000742e80000, 0x0000000795580000)
  object space 47616K, 35% used [0x0000000740000000,0x00000007410b5208,0x0000000742e80000)
 Metaspace       used 34888K, capacity 35276K, committed 35456K, reserved 1081344K
  class space    used 4285K, capacity 4424K, committed 4480K, reserved 1048576K
Event: 8.812 GC heap after
Heap after GC invocations=7 (full 1):
 PSYoungGen      total 109568K, used 5060K [0x0000000795580000, 0x000000079e580000, 0x00000007c0000000)
  eden space 95232K, 0% used [0x0000000795580000,0x0000000795580000,0x000000079b280000)
  from space 14336K, 35% used [0x000000079c000000,0x000000079c4f1318,0x000000079ce00000)
  to   space 13824K, 0% used [0x000000079b280000,0x000000079b280000,0x000000079c000000)
 ParOldGen       total 47616K, used 17116K [0x0000000740000000, 0x0000000742e80000, 0x0000000795580000)
  object space 47616K, 35% used [0x0000000740000000,0x00000007410b7208,0x0000000742e80000)
 Metaspace       used 34888K, capacity 35276K, committed 35456K, reserved 1081344K
  class space    used 4285K, capacity 4424K, committed 4480K, reserved 1048576K
}
Event: 8.812 GC heap before
{Heap before GC invocations=8 (full 2):
 PSYoungGen      total 109568K, used 5060K [0x0000000795580000, 0x000000079e580000, 0x00000007c0000000)
  eden space 95232K, 0% used [0x0000000795580000,0x0000000795580000,0x000000079b280000)
  from space 14336K, 35% used [0x000000079c000000,0x000000079c4f1318,0x000000079ce00000)
  to   space 13824K, 0% used [0x000000079b280000,0x000000079b280000,0x000000079c000000)
 ParOldGen       total 47616K, used 17116K [0x0000000740000000, 0x0000000742e80000, 0x0000000795580000)
  object space 47616K, 35% used [0x0000000740000000,0x00000007410b7208,0x0000000742e80000)
 Metaspace       used 34888K, capacity 35276K, committed 35456K, reserved 1081344K
  class space    used 4285K, capacity 4424K, committed 4480K, reserved 1048576K
Event: 8.890 GC heap after
Heap after GC invocations=8 (full 2):
 PSYoungGen      total 109568K, used 0K [0x0000000795580000, 0x000000079e580000, 0x00000007c0000000)
  eden space 95232K, 0% used [0x0000000795580000,0x0000000795580000,0x000000079b280000)
  from space 14336K, 0% used [0x000000079c000000,0x000000079c000000,0x000000079ce00000)
  to   space 13824K, 0% used [0x000000079b280000,0x000000079b280000,0x000000079c000000)
 ParOldGen       total 75264K, used 11890K [0x0000000740000000, 0x0000000744980000, 0x0000000795580000)
  object space 75264K, 15% used [0x0000000740000000,0x0000000740b9ca30,0x0000000744980000)
 Metaspace       used 34887K, capacity 35274K, committed 35456K, reserved 1081344K
  class space    used 4285K, capacity 4423K, committed 4480K, reserved 1048576K
}

