# JRE version: Java(TM) SE Runtime Environment (8.0_251-b08) (build 1.8.0_251-b08)
# Java VM: Java HotSpot(TM) 64-Bit Server VM (25.251-b08 mixed mode bsd-amd64 compressed oops)
Heap:
 PSYoungGen      total 74240K, used 32310K [0x0000000795580000, 0x000000079b300000, 0x00000007c0000000)
  eden space 54784K, 56% used [0x0000000795580000,0x00000007973dff98,0x0000000798b00000)
  from space 19456K, 6% used [0x000000079a000000,0x000000079a12dac0,0x000000079b300000)
  to   space 20480K, 0% used [0x0000000798b00000,0x0000000798b00000,0x0000000799f00000)
 ParOldGen       total 100864K, used 24592K [0x0000000740000000, 0x0000000746280000, 0x0000000795580000)
  object space 100864K, 24% used [0x0000000740000000,0x0000000741804228,0x0000000746280000)
 Metaspace       used 42051K, capacity 42508K, committed 42752K, reserved 1087488K
  class space    used 4925K, capacity 5072K, committed 5120K, reserved 1048576K
GC Heap History (10 events):
Event: 33.496 GC heap before
{Heap before GC invocations=9 (full 2):
 PSYoungGen      total 59904K, used 48128K [0x0000000795580000, 0x0000000799d00000, 0x00000007c0000000)
  eden space 48128K, 100% used [0x0000000795580000,0x0000000798480000,0x0000000798480000)
  from space 11776K, 0% used [0x0000000799000000,0x0000000799000000,0x0000000799b80000)
  to   space 11776K, 0% used [0x0000000798480000,0x0000000798480000,0x0000000799000000)
 ParOldGen       total 100864K, used 12989K [0x0000000740000000, 0x0000000746280000, 0x0000000795580000)
  object space 100864K, 12% used [0x0000000740000000,0x0000000740caf608,0x0000000746280000)
 Metaspace       used 38096K, capacity 38546K, committed 38784K, reserved 1083392K
  class space    used 4583K, capacity 4727K, committed 4736K, reserved 1048576K
Event: 33.515 GC heap after
Heap after GC invocations=9 (full 2):
 PSYoungGen      total 59904K, used 9944K [0x0000000795580000, 0x000000079ad00000, 0x00000007c0000000)
  eden space 48128K, 0% used [0x0000000795580000,0x0000000795580000,0x0000000798480000)
  from space 11776K, 84% used [0x0000000798480000,0x0000000798e36260,0x0000000799000000)
  to   space 12800K, 0% used [0x000000079a080000,0x000000079a080000,0x000000079ad00000)
 ParOldGen       total 100864K, used 25111K [0x0000000740000000, 0x0000000746280000, 0x0000000795580000)
  object space 100864K, 24% used [0x0000000740000000,0x0000000741885f18,0x0000000746280000)
 Metaspace       used 38096K, capacity 38546K, committed 38784K, reserved 1083392K
  class space    used 4583K, capacity 4727K, committed 4736K, reserved 1048576K
}
Event: 58.982 GC heap before
{Heap before GC invocations=10 (full 2):
 PSYoungGen      total 59904K, used 38202K [0x0000000795580000, 0x000000079ad00000, 0x00000007c0000000)
  eden space 48128K, 58% used [0x0000000795580000,0x00000007971188c0,0x0000000798480000)
  from space 11776K, 84% used [0x0000000798480000,0x0000000798e36260,0x0000000799000000)
  to   space 12800K, 0% used [0x000000079a080000,0x000000079a080000,0x000000079ad00000)
 ParOldGen       total 100864K, used 25111K [0x0000000740000000, 0x0000000746280000, 0x0000000795580000)
  object space 100864K, 24% used [0x0000000740000000,0x0000000741885f18,0x0000000746280000)
 Metaspace       used 40566K, capacity 41074K, committed 41472K, reserved 1085440K
  class space    used 4837K, capacity 5003K, committed 5120K, reserved 1048576K
Event: 59.008 GC heap after
Heap after GC invocations=10 (full 2):
 PSYoungGen      total 69632K, used 12784K [0x0000000795580000, 0x000000079bb00000, 0x00000007c0000000)
  eden space 56832K, 0% used [0x0000000795580000,0x0000000795580000,0x0000000798d00000)
  from space 12800K, 99% used [0x000000079a080000,0x000000079acfc000,0x000000079ad00000)
  to   space 19968K, 0% used [0x0000000798d00000,0x0000000798d00000,0x000000079a080000)
 ParOldGen       total 100864K, used 37479K [0x0000000740000000, 0x0000000746280000, 0x0000000795580000)
  object space 100864K, 37% used [0x0000000740000000,0x0000000742499f98,0x0000000746280000)
 Metaspace       used 40566K, capacity 41074K, committed 41472K, reserved 1085440K
  class space    used 4837K, capacity 5003K, committed 5120K, reserved 1048576K
}
Event: 59.008 GC heap before
{Heap before GC invocations=11 (full 3):
 PSYoungGen      total 69632K, used 12784K [0x0000000795580000, 0x000000079bb00000, 0x00000007c0000000)
  eden space 56832K, 0% used [0x0000000795580000,0x0000000795580000,0x0000000798d00000)
  from space 12800K, 99% used [0x000000079a080000,0x000000079acfc000,0x000000079ad00000)
  to   space 19968K, 0% used [0x0000000798d00000,0x0000000798d00000,0x000000079a080000)
 ParOldGen       total 100864K, used 37479K [0x0000000740000000, 0x0000000746280000, 0x0000000795580000)
  object space 100864K, 37% used [0x0000000740000000,0x0000000742499f98,0x0000000746280000)
 Metaspace       used 40566K, capacity 41074K, committed 41472K, reserved 1085440K
  class space    used 4837K, capacity 5003K, committed 5120K, reserved 1048576K
Event: 59.252 GC heap after
Heap after GC invocations=11 (full 3):
 PSYoungGen      total 69632K, used 0K [0x0000000795580000, 0x000000079bb00000, 0x00000007c0000000)
  eden space 56832K, 0% used [0x0000000795580000,0x0000000795580000,0x0000000798d00000)
  from space 12800K, 0% used [0x000000079a080000,0x000000079a080000,0x000000079ad00000)
  to   space 19968K, 0% used [0x0000000798d00000,0x0000000798d00000,0x000000079a080000)
 ParOldGen       total 100864K, used 24576K [0x0000000740000000, 0x0000000746280000, 0x0000000795580000)
  object space 100864K, 24% used [0x0000000740000000,0x0000000741800228,0x0000000746280000)
 Metaspace       used 40566K, capacity 41074K, committed 41472K, reserved 1085440K
  class space    used 4837K, capacity 5003K, committed 5120K, reserved 1048576K
}
Event: 420.514 GC heap before
{Heap before GC invocations=12 (full 3):
 PSYoungGen      total 69632K, used 56832K [0x0000000795580000, 0x000000079bb00000, 0x00000007c0000000)
  eden space 56832K, 100% used [0x0000000795580000,0x0000000798d00000,0x0000000798d00000)
  from space 12800K, 0% used [0x000000079a080000,0x000000079a080000,0x000000079ad00000)
  to   space 19968K, 0% used [0x0000000798d00000,0x0000000798d00000,0x000000079a080000)
 ParOldGen       total 100864K, used 24576K [0x0000000740000000, 0x0000000746280000, 0x0000000795580000)
  object space 100864K, 24% used [0x0000000740000000,0x0000000741800228,0x0000000746280000)
 Metaspace       used 41382K, capacity 41868K, committed 42240K, reserved 1087488K
  class space    used 4871K, capacity 5008K, committed 5120K, reserved 1048576K
Event: 420.518 GC heap after
Heap after GC invocations=12 (full 3):
 PSYoungGen      total 57344K, used 1088K [0x0000000795580000, 0x000000079b400000, 0x00000007c0000000)
  eden space 55808K, 0% used [0x0000000795580000,0x0000000795580000,0x0000000798c00000)
  from space 1536K, 70% used [0x0000000798d00000,0x0000000798e10000,0x0000000798e80000)
  to   space 20480K, 0% used [0x000000079a000000,0x000000079a000000,0x000000079b400000)
 ParOldGen       total 100864K, used 24584K [0x0000000740000000, 0x0000000746280000, 0x0000000795580000)
  object space 100864K, 24% used [0x0000000740000000,0x0000000741802228,0x0000000746280000)
 Metaspace       used 41382K, capacity 41868K, committed 42240K, reserved 1087488K
  class space    used 4871K, capacity 5008K, committed 5120K, reserved 1048576K
}
Event: 991.418 GC heap before
{Heap before GC invocations=13 (full 3):
 PSYoungGen      total 57344K, used 56896K [0x0000000795580000, 0x000000079b400000, 0x00000007c0000000)
  eden space 55808K, 100% used [0x0000000795580000,0x0000000798c00000,0x0000000798c00000)
  from space 1536K, 70% used [0x0000000798d00000,0x0000000798e10000,0x0000000798e80000)
  to   space 20480K, 0% used [0x000000079a000000,0x000000079a000000,0x000000079b400000)
 ParOldGen       total 100864K, used 24584K [0x0000000740000000, 0x0000000746280000, 0x0000000795580000)
  object space 100864K, 24% used [0x0000000740000000,0x0000000741802228,0x0000000746280000)
 Metaspace       used 41435K, capacity 41932K, committed 42240K, reserved 1087488K
  class space    used 4871K, capacity 5008K, committed 5120K, reserved 1048576K
Event: 991.423 GC heap after
Heap after GC invocations=13 (full 3):
 PSYoungGen      total 74240K, used 1206K [0x0000000795580000, 0x000000079b300000, 0x00000007c0000000)
  eden space 54784K, 0% used [0x0000000795580000,0x0000000795580000,0x0000000798b00000)
  from space 19456K, 6% used [0x000000079a000000,0x000000079a12dac0,0x000000079b300000)
  to   space 20480K, 0% used [0x0000000798b00000,0x0000000798b00000,0x0000000799f00000)
 ParOldGen       total 100864K, used 24592K [0x0000000740000000, 0x0000000746280000, 0x0000000795580000)
  object space 100864K, 24% used [0x0000000740000000,0x0000000741804228,0x0000000746280000)
 Metaspace       used 41435K, capacity 41932K, committed 42240K, reserved 1087488K
  class space    used 4871K, capacity 5008K, committed 5120K, reserved 1048576K
}

