# JRE version: Java(TM) SE Runtime Environment (8.0_112-b16) (build 1.8.0_112-b16)
# Java VM: Java HotSpot(TM) 64-Bit Server VM (25.112-b16 mixed mode bsd-amd64 compressed oops)
Heap:
 PSYoungGen      total 103936K, used 45955K [0x0000000795580000, 0x000000079e180000, 0x00000007c0000000)
  eden space 98816K, 41% used [0x0000000795580000,0x0000000797d65690,0x000000079b600000)
  from space 5120K, 99% used [0x000000079dc80000,0x000000079e17b6f8,0x000000079e180000)
  to   space 5120K, 0% used [0x000000079d780000,0x000000079d780000,0x000000079dc80000)
 ParOldGen       total 57344K, used 21933K [0x0000000740000000, 0x0000000743800000, 0x0000000795580000)
  object space 57344K, 38% used [0x0000000740000000,0x000000074156b600,0x0000000743800000)
 Metaspace       used 29390K, capacity 29618K, committed 29952K, reserved 1075200K
  class space    used 3642K, capacity 3739K, committed 3840K, reserved 1048576K
GC Heap History (10 events):
Event: 1.704 GC heap before
{Heap before GC invocations=1 (full 0):
 PSYoungGen      total 38400K, used 33280K [0x0000000795580000, 0x0000000798000000, 0x00000007c0000000)
  eden space 33280K, 100% used [0x0000000795580000,0x0000000797600000,0x0000000797600000)
  from space 5120K, 0% used [0x0000000797b00000,0x0000000797b00000,0x0000000798000000)
  to   space 5120K, 0% used [0x0000000797600000,0x0000000797600000,0x0000000797b00000)
 ParOldGen       total 87552K, used 0K [0x0000000740000000, 0x0000000745580000, 0x0000000795580000)
  object space 87552K, 0% used [0x0000000740000000,0x0000000740000000,0x0000000745580000)
 Metaspace       used 13135K, capacity 13304K, committed 13312K, reserved 1060864K
  class space    used 1474K, capacity 1535K, committed 1536K, reserved 1048576K
Event: 1.722 GC heap after
Heap after GC invocations=1 (full 0):
 PSYoungGen      total 38400K, used 4714K [0x0000000795580000, 0x000000079a080000, 0x00000007c0000000)
  eden space 33280K, 0% used [0x0000000795580000,0x0000000795580000,0x0000000797600000)
  from space 5120K, 92% used [0x0000000797600000,0x0000000797a9ab00,0x0000000797b00000)
  to   space 5120K, 0% used [0x0000000799b80000,0x0000000799b80000,0x000000079a080000)
 ParOldGen       total 87552K, used 72K [0x0000000740000000, 0x0000000745580000, 0x0000000795580000)
  object space 87552K, 0% used [0x0000000740000000,0x0000000740012010,0x0000000745580000)
 Metaspace       used 13135K, capacity 13304K, committed 13312K, reserved 1060864K
  class space    used 1474K, capacity 1535K, committed 1536K, reserved 1048576K
}
Event: 2.684 GC heap before
{Heap before GC invocations=2 (full 0):
 PSYoungGen      total 38400K, used 37994K [0x0000000795580000, 0x000000079a080000, 0x00000007c0000000)
  eden space 33280K, 100% used [0x0000000795580000,0x0000000797600000,0x0000000797600000)
  from space 5120K, 92% used [0x0000000797600000,0x0000000797a9ab00,0x0000000797b00000)
  to   space 5120K, 0% used [0x0000000799b80000,0x0000000799b80000,0x000000079a080000)
 ParOldGen       total 87552K, used 72K [0x0000000740000000, 0x0000000745580000, 0x0000000795580000)
  object space 87552K, 0% used [0x0000000740000000,0x0000000740012010,0x0000000745580000)
 Metaspace       used 16335K, capacity 16504K, committed 16640K, reserved 1064960K
  class space    used 1917K, capacity 1983K, committed 2048K, reserved 1048576K
Event: 2.701 GC heap after
Heap after GC invocations=2 (full 0):
 PSYoungGen      total 71680K, used 5115K [0x0000000795580000, 0x000000079a080000, 0x00000007c0000000)
  eden space 66560K, 0% used [0x0000000795580000,0x0000000795580000,0x0000000799680000)
  from space 5120K, 99% used [0x0000000799b80000,0x000000079a07ef70,0x000000079a080000)
  to   space 5120K, 0% used [0x0000000799680000,0x0000000799680000,0x0000000799b80000)
 ParOldGen       total 87552K, used 1758K [0x0000000740000000, 0x0000000745580000, 0x0000000795580000)
  object space 87552K, 2% used [0x0000000740000000,0x00000007401b7bd0,0x0000000745580000)
 Metaspace       used 16335K, capacity 16504K, committed 16640K, reserved 1064960K
  class space    used 1917K, capacity 1983K, committed 2048K, reserved 1048576K
}
Event: 3.342 GC heap before
{Heap before GC invocations=3 (full 0):
 PSYoungGen      total 71680K, used 19870K [0x0000000795580000, 0x000000079a080000, 0x00000007c0000000)
  eden space 66560K, 22% used [0x0000000795580000,0x00000007963e8ac8,0x0000000799680000)
  from space 5120K, 99% used [0x0000000799b80000,0x000000079a07ef70,0x000000079a080000)
  to   space 5120K, 0% used [0x0000000799680000,0x0000000799680000,0x0000000799b80000)
 ParOldGen       total 87552K, used 1758K [0x0000000740000000, 0x0000000745580000, 0x0000000795580000)
  object space 87552K, 2% used [0x0000000740000000,0x00000007401b7bd0,0x0000000745580000)
 Metaspace       used 20937K, capacity 21106K, committed 21248K, reserved 1067008K
  class space    used 2696K, capacity 2788K, committed 2816K, reserved 1048576K
Event: 3.361 GC heap after
Heap after GC invocations=3 (full 0):
 PSYoungGen      total 71680K, used 5104K [0x0000000795580000, 0x000000079e180000, 0x00000007c0000000)
  eden space 66560K, 0% used [0x0000000795580000,0x0000000795580000,0x0000000799680000)
  from space 5120K, 99% used [0x0000000799680000,0x0000000799b7c030,0x0000000799b80000)
  to   space 5120K, 0% used [0x000000079dc80000,0x000000079dc80000,0x000000079e180000)
 ParOldGen       total 87552K, used 2795K [0x0000000740000000, 0x0000000745580000, 0x0000000795580000)
  object space 87552K, 3% used [0x0000000740000000,0x00000007402bafc0,0x0000000745580000)
 Metaspace       used 20937K, capacity 21106K, committed 21248K, reserved 1067008K
  class space    used 2696K, capacity 2788K, committed 2816K, reserved 1048576K
}
Event: 3.361 GC heap before
{Heap before GC invocations=4 (full 1):
 PSYoungGen      total 71680K, used 5104K [0x0000000795580000, 0x000000079e180000, 0x00000007c0000000)
  eden space 66560K, 0% used [0x0000000795580000,0x0000000795580000,0x0000000799680000)
  from space 5120K, 99% used [0x0000000799680000,0x0000000799b7c030,0x0000000799b80000)
  to   space 5120K, 0% used [0x000000079dc80000,0x000000079dc80000,0x000000079e180000)
 ParOldGen       total 87552K, used 2795K [0x0000000740000000, 0x0000000745580000, 0x0000000795580000)
  object space 87552K, 3% used [0x0000000740000000,0x00000007402bafc0,0x0000000745580000)
 Metaspace       used 20937K, capacity 21106K, committed 21248K, reserved 1067008K
  class space    used 2696K, capacity 2788K, committed 2816K, reserved 1048576K
Event: 3.415 GC heap after
Heap after GC invocations=4 (full 1):
 PSYoungGen      total 71680K, used 0K [0x0000000795580000, 0x000000079e180000, 0x00000007c0000000)
  eden space 66560K, 0% used [0x0000000795580000,0x0000000795580000,0x0000000799680000)
  from space 5120K, 0% used [0x0000000799680000,0x0000000799680000,0x0000000799b80000)
  to   space 5120K, 0% used [0x000000079dc80000,0x000000079dc80000,0x000000079e180000)
 ParOldGen       total 57344K, used 6083K [0x0000000740000000, 0x0000000743800000, 0x0000000795580000)
  object space 57344K, 10% used [0x0000000740000000,0x00000007405f0ec0,0x0000000743800000)
 Metaspace       used 20937K, capacity 21106K, committed 21248K, reserved 1067008K
  class space    used 2696K, capacity 2788K, committed 2816K, reserved 1048576K
}
Event: 6.008 GC heap before
{Heap before GC invocations=5 (full 1):
 PSYoungGen      total 71680K, used 66560K [0x0000000795580000, 0x000000079e180000, 0x00000007c0000000)
  eden space 66560K, 100% used [0x0000000795580000,0x0000000799680000,0x0000000799680000)
  from space 5120K, 0% used [0x0000000799680000,0x0000000799680000,0x0000000799b80000)
  to   space 5120K, 0% used [0x000000079dc80000,0x000000079dc80000,0x000000079e180000)
 ParOldGen       total 57344K, used 6083K [0x0000000740000000, 0x0000000743800000, 0x0000000795580000)
  object space 57344K, 10% used [0x0000000740000000,0x00000007405f0ec0,0x0000000743800000)
 Metaspace       used 26153K, capacity 26426K, committed 26752K, reserved 1073152K
  class space    used 3224K, capacity 3341K, committed 3456K, reserved 1048576K
Event: 6.027 GC heap after
Heap after GC invocations=5 (full 1):
 PSYoungGen      total 103936K, used 5101K [0x0000000795580000, 0x000000079e180000, 0x00000007c0000000)
  eden space 98816K, 0% used [0x0000000795580000,0x0000000795580000,0x000000079b600000)
  from space 5120K, 99% used [0x000000079dc80000,0x000000079e17b6f8,0x000000079e180000)
  to   space 5120K, 0% used [0x000000079d780000,0x000000079d780000,0x000000079dc80000)
 ParOldGen       total 57344K, used 21933K [0x0000000740000000, 0x0000000743800000, 0x0000000795580000)
  object space 57344K, 38% used [0x0000000740000000,0x000000074156b600,0x0000000743800000)
 Metaspace       used 26153K, capacity 26426K, committed 26752K, reserved 1073152K
  class space    used 3224K, capacity 3341K, committed 3456K, reserved 1048576K
}

