# JRE version: Java(TM) SE Runtime Environment (8.0_251-b08) (build 1.8.0_251-b08)
# Java VM: Java HotSpot(TM) 64-Bit Server VM (25.251-b08 mixed mode bsd-amd64 compressed oops)
Heap:
 PSYoungGen      total 44544K, used 18425K [0x0000000795580000, 0x0000000799d80000, 0x00000007c0000000)
  eden space 33280K, 55% used [0x0000000795580000,0x000000079677e508,0x0000000797600000)
  from space 11264K, 0% used [0x0000000797600000,0x0000000797600000,0x0000000798100000)
  to   space 13312K, 0% used [0x0000000799080000,0x0000000799080000,0x0000000799d80000)
 ParOldGen       total 95744K, used 15957K [0x0000000740000000, 0x0000000745d80000, 0x0000000795580000)
  object space 95744K, 16% used [0x0000000740000000,0x0000000740f95500,0x0000000745d80000)
 Metaspace       used 37778K, capacity 38364K, committed 38488K, reserved 1083392K
  class space    used 4488K, capacity 4641K, committed 4736K, reserved 1048576K
GC Heap History (10 events):
Event: 9.696 GC heap before
{Heap before GC invocations=5 (full 0):
 PSYoungGen      total 38400K, used 24613K [0x0000000795580000, 0x0000000798000000, 0x00000007c0000000)
  eden space 33280K, 58% used [0x0000000795580000,0x000000079688d578,0x0000000797600000)
  from space 5120K, 99% used [0x0000000797b00000,0x0000000797ffc010,0x0000000798000000)
  to   space 5120K, 0% used [0x0000000797600000,0x0000000797600000,0x0000000797b00000)
 ParOldGen       total 87552K, used 6034K [0x0000000740000000, 0x0000000745580000, 0x0000000795580000)
  object space 87552K, 6% used [0x0000000740000000,0x00000007405e48d0,0x0000000745580000)
 Metaspace       used 20839K, capacity 21032K, committed 21248K, reserved 1069056K
  class space    used 2412K, capacity 2469K, committed 2560K, reserved 1048576K
Event: 9.710 GC heap after
Heap after GC invocations=5 (full 0):
 PSYoungGen      total 37888K, used 5088K [0x0000000795580000, 0x0000000798c80000, 0x00000007c0000000)
  eden space 32768K, 0% used [0x0000000795580000,0x0000000795580000,0x0000000797580000)
  from space 5120K, 99% used [0x0000000797600000,0x0000000797af8020,0x0000000797b00000)
  to   space 11776K, 0% used [0x0000000798100000,0x0000000798100000,0x0000000798c80000)
 ParOldGen       total 87552K, used 8362K [0x0000000740000000, 0x0000000745580000, 0x0000000795580000)
  object space 87552K, 9% used [0x0000000740000000,0x000000074082a8c0,0x0000000745580000)
 Metaspace       used 20839K, capacity 21032K, committed 21248K, reserved 1069056K
  class space    used 2412K, capacity 2469K, committed 2560K, reserved 1048576K
}
Event: 9.710 GC heap before
{Heap before GC invocations=6 (full 1):
 PSYoungGen      total 37888K, used 5088K [0x0000000795580000, 0x0000000798c80000, 0x00000007c0000000)
  eden space 32768K, 0% used [0x0000000795580000,0x0000000795580000,0x0000000797580000)
  from space 5120K, 99% used [0x0000000797600000,0x0000000797af8020,0x0000000797b00000)
  to   space 11776K, 0% used [0x0000000798100000,0x0000000798100000,0x0000000798c80000)
 ParOldGen       total 87552K, used 8362K [0x0000000740000000, 0x0000000745580000, 0x0000000795580000)
  object space 87552K, 9% used [0x0000000740000000,0x000000074082a8c0,0x0000000745580000)
 Metaspace       used 20839K, capacity 21032K, committed 21248K, reserved 1069056K
  class space    used 2412K, capacity 2469K, committed 2560K, reserved 1048576K
Event: 9.780 GC heap after
Heap after GC invocations=6 (full 1):
 PSYoungGen      total 37888K, used 0K [0x0000000795580000, 0x0000000798c80000, 0x00000007c0000000)
  eden space 32768K, 0% used [0x0000000795580000,0x0000000795580000,0x0000000797580000)
  from space 5120K, 0% used [0x0000000797600000,0x0000000797600000,0x0000000797b00000)
  to   space 11776K, 0% used [0x0000000798100000,0x0000000798100000,0x0000000798c80000)
 ParOldGen       total 60928K, used 6310K [0x0000000740000000, 0x0000000743b80000, 0x0000000795580000)
  object space 60928K, 10% used [0x0000000740000000,0x0000000740629b90,0x0000000743b80000)
 Metaspace       used 20839K, capacity 21032K, committed 21248K, reserved 1069056K
  class space    used 2412K, capacity 2469K, committed 2560K, reserved 1048576K
}
Event: 12.817 GC heap before
{Heap before GC invocations=7 (full 1):
 PSYoungGen      total 37888K, used 32768K [0x0000000795580000, 0x0000000798c80000, 0x00000007c0000000)
  eden space 32768K, 100% used [0x0000000795580000,0x0000000797580000,0x0000000797580000)
  from space 5120K, 0% used [0x0000000797600000,0x0000000797600000,0x0000000797b00000)
  to   space 11776K, 0% used [0x0000000798100000,0x0000000798100000,0x0000000798c80000)
 ParOldGen       total 60928K, used 6310K [0x0000000740000000, 0x0000000743b80000, 0x0000000795580000)
  object space 60928K, 10% used [0x0000000740000000,0x0000000740629b90,0x0000000743b80000)
 Metaspace       used 25931K, capacity 26150K, committed 26368K, reserved 1073152K
  class space    used 2978K, capacity 3058K, committed 3072K, reserved 1048576K
Event: 12.832 GC heap after
Heap after GC invocations=7 (full 1):
 PSYoungGen      total 45056K, used 7181K [0x0000000795580000, 0x0000000799b00000, 0x00000007c0000000)
  eden space 33280K, 0% used [0x0000000795580000,0x0000000795580000,0x0000000797600000)
  from space 11776K, 60% used [0x0000000798100000,0x00000007988037c0,0x0000000798c80000)
  to   space 11264K, 0% used [0x0000000797600000,0x0000000797600000,0x0000000798100000)
 ParOldGen       total 60928K, used 6318K [0x0000000740000000, 0x0000000743b80000, 0x0000000795580000)
  object space 60928K, 10% used [0x0000000740000000,0x000000074062bb90,0x0000000743b80000)
 Metaspace       used 25931K, capacity 26150K, committed 26368K, reserved 1073152K
  class space    used 2978K, capacity 3058K, committed 3072K, reserved 1048576K
}
Event: 49.288 GC heap before
{Heap before GC invocations=8 (full 1):
 PSYoungGen      total 45056K, used 34787K [0x0000000795580000, 0x0000000799b00000, 0x00000007c0000000)
  eden space 33280K, 82% used [0x0000000795580000,0x00000007970755a8,0x0000000797600000)
  from space 11776K, 60% used [0x0000000798100000,0x00000007988037c0,0x0000000798c80000)
  to   space 11264K, 0% used [0x0000000797600000,0x0000000797600000,0x0000000798100000)
 ParOldGen       total 60928K, used 6318K [0x0000000740000000, 0x0000000743b80000, 0x0000000795580000)
  object space 60928K, 10% used [0x0000000740000000,0x000000074062bb90,0x0000000743b80000)
 Metaspace       used 34944K, capacity 35338K, committed 35416K, reserved 1081344K
  class space    used 4063K, capacity 4213K, committed 4224K, reserved 1048576K
Event: 49.303 GC heap after
Heap after GC invocations=8 (full 1):
 PSYoungGen      total 44544K, used 10936K [0x0000000795580000, 0x0000000799d80000, 0x00000007c0000000)
  eden space 33280K, 0% used [0x0000000795580000,0x0000000795580000,0x0000000797600000)
  from space 11264K, 97% used [0x0000000797600000,0x00000007980ae198,0x0000000798100000)
  to   space 13312K, 0% used [0x0000000799080000,0x0000000799080000,0x0000000799d80000)
 ParOldGen       total 60928K, used 6326K [0x0000000740000000, 0x0000000743b80000, 0x0000000795580000)
  object space 60928K, 10% used [0x0000000740000000,0x000000074062db90,0x0000000743b80000)
 Metaspace       used 34944K, capacity 35338K, committed 35416K, reserved 1081344K
  class space    used 4063K, capacity 4213K, committed 4224K, reserved 1048576K
}
Event: 49.303 GC heap before
{Heap before GC invocations=9 (full 2):
 PSYoungGen      total 44544K, used 10936K [0x0000000795580000, 0x0000000799d80000, 0x00000007c0000000)
  eden space 33280K, 0% used [0x0000000795580000,0x0000000795580000,0x0000000797600000)
  from space 11264K, 97% used [0x0000000797600000,0x00000007980ae198,0x0000000798100000)
  to   space 13312K, 0% used [0x0000000799080000,0x0000000799080000,0x0000000799d80000)
 ParOldGen       total 60928K, used 6326K [0x0000000740000000, 0x0000000743b80000, 0x0000000795580000)
  object space 60928K, 10% used [0x0000000740000000,0x000000074062db90,0x0000000743b80000)
 Metaspace       used 34944K, capacity 35338K, committed 35416K, reserved 1081344K
  class space    used 4063K, capacity 4213K, committed 4224K, reserved 1048576K
Event: 49.414 GC heap after
Heap after GC invocations=9 (full 2):
 PSYoungGen      total 44544K, used 0K [0x0000000795580000, 0x0000000799d80000, 0x00000007c0000000)
  eden space 33280K, 0% used [0x0000000795580000,0x0000000795580000,0x0000000797600000)
  from space 11264K, 0% used [0x0000000797600000,0x0000000797600000,0x0000000798100000)
  to   space 13312K, 0% used [0x0000000799080000,0x0000000799080000,0x0000000799d80000)
 ParOldGen       total 95744K, used 15957K [0x0000000740000000, 0x0000000745d80000, 0x0000000795580000)
  object space 95744K, 16% used [0x0000000740000000,0x0000000740f95500,0x0000000745d80000)
 Metaspace       used 34944K, capacity 35338K, committed 35416K, reserved 1081344K
  class space    used 4063K, capacity 4213K, committed 4224K, reserved 1048576K
}

